SLF4J: Class path contains multiple SLF4J bindings.
SLF4J: Found binding in [jar:file:/Users/danica/Desktop/Research/Slicer4J/Slicer4J/target/slicer4j-jar-with-dependencies.jar!/org/slf4j/impl/StaticLoggerBinder.class]
SLF4J: Found binding in [jar:file:/Users/danica/Desktop/Research/Slicer4J/Slicer4J/target/lib/soot-infoflow-2.9.0.jar!/org/slf4j/impl/StaticLoggerBinder.class]
SLF4J: Found binding in [jar:file:/Users/danica/Desktop/Research/Slicer4J/Slicer4J/target/lib/slf4j-simple-1.7.5.jar!/org/slf4j/impl/StaticLoggerBinder.class]
SLF4J: See http://www.slf4j.org/codes.html#multiple_bindings for an explanation.
SLF4J: Actual binding is of type [org.slf4j.impl.SimpleLoggerFactory]
[main] INFO Parser - expandTrace (48): Abs path for static-log /Users/danica/Desktop/capstone/slicer4j-test-suite/Minepump/minepump_slice/static-log.log
[main] INFO Parser - expandTrace (97): Expanded trace size: 75
[main] INFO Parser - expandTrace (97): Expanded trace size: 75
[main] INFO Parser - expandTrace (102): Done parsing
[main] INFO DynamicControlFlowGraph - createDCFG (85): Trace size: 75
[main] INFO DynamicControlFlowGraph - createDCFG (95): Progress: 0/75 (0), time: 0.0
[main] INFO SlicePrinter - printSlices (207): Printing dynamic slice:
[main] INFO SlicePrinter - printSlices (209): Pair 7, void main(java.lang.String[]), tests.tests, $stack5 = new MinePumpSystem.MinePump:LINENO:12:FILE:tests.tests,(:7:-1)
[main] INFO SlicePrinter - printSlices (209):    from:Pair 7, void main(java.lang.String[]), tests.tests, $stack5 = new MinePumpSystem.MinePump:LINENO:12:FILE:tests.tests,(:7:-1)
[main] INFO SlicePrinter - printSlices (209): Pair 2, void main(java.lang.String[]), tests.tests, $stack4 = new MinePumpSystem.Environment:LINENO:11:FILE:tests.tests,(this:4:-1)
[main] INFO SlicePrinter - printSlices (209):    from:Pair 15, void main(java.lang.String[]), tests.tests, specialinvoke $stack5.<MinePumpSystem.MinePump: void <init>(MinePumpSystem.Environment)>($stack4):LINENO:12:FILE:tests.tests,(stack4:15:-1)
[main] INFO SlicePrinter - printSlices (209): Pair 2, void main(java.lang.String[]), tests.tests, $stack4 = new MinePumpSystem.Environment:LINENO:11:FILE:tests.tests,(:2:-1)
[main] INFO SlicePrinter - printSlices (209):    from:Pair 4, void <init>(), MinePumpSystem.Environment, specialinvoke this.<java.lang.Object: void <init>()>():LINENO:3:FILE:MinePumpSystem.Environment,(this:4:-1)
[main] INFO SlicePrinter - printSlices (209): Pair 3, void main(java.lang.String[]), tests.tests, specialinvoke $stack4.<MinePumpSystem.Environment: void <init>()>():LINENO:11:FILE:tests.tests,(this:4:-1)
[main] INFO SlicePrinter - printSlices (209):    from:Pair 15, void main(java.lang.String[]), tests.tests, specialinvoke $stack5.<MinePumpSystem.MinePump: void <init>(MinePumpSystem.Environment)>($stack4):LINENO:12:FILE:tests.tests,(stack4:15:-1)
[main] INFO SlicePrinter - printSlices (209): Pair 3, void main(java.lang.String[]), tests.tests, specialinvoke $stack4.<MinePumpSystem.Environment: void <init>()>():LINENO:11:FILE:tests.tests,(:3:-1)
[main] INFO SlicePrinter - printSlices (209):    from:Pair 5, void <init>(), MinePumpSystem.Environment, this.<MinePumpSystem.Environment: boolean methaneLevelCritical> = 0:FIELD:1163157884:LINENO:15:FILE:MinePumpSystem.Environment,(this:4:-1)
[main] INFO SlicePrinter - printSlices (209): Pair 3, void main(java.lang.String[]), tests.tests, specialinvoke $stack4.<MinePumpSystem.Environment: void <init>()>():LINENO:11:FILE:tests.tests,(:3:-1)
[main] INFO SlicePrinter - printSlices (209):    from:Pair 4, void <init>(), MinePumpSystem.Environment, specialinvoke this.<java.lang.Object: void <init>()>():LINENO:3:FILE:MinePumpSystem.Environment,(this:4:-1)
[main] INFO SlicePrinter - printSlices (209): Pair 3, void main(java.lang.String[]), tests.tests, specialinvoke $stack4.<MinePumpSystem.Environment: void <init>()>():LINENO:11:FILE:tests.tests,(:3:-1)
[main] INFO SlicePrinter - printSlices (209):    from:Pair 6, void <init>(), MinePumpSystem.Environment, return:LINENO:15:FILE:MinePumpSystem.Environment,(r0:6:-1)
[main] INFO SlicePrinter - printSlices (209): Pair 4, void <init>(), MinePumpSystem.Environment, specialinvoke this.<java.lang.Object: void <init>()>():LINENO:3:FILE:MinePumpSystem.Environment,(this:4:-1)
[main] INFO SlicePrinter - printSlices (209):    from:Pair 15, void main(java.lang.String[]), tests.tests, specialinvoke $stack5.<MinePumpSystem.MinePump: void <init>(MinePumpSystem.Environment)>($stack4):LINENO:12:FILE:tests.tests,(stack4:15:-1)
[main] INFO SlicePrinter - printSlices (209): Pair 4, void <init>(), MinePumpSystem.Environment, specialinvoke this.<java.lang.Object: void <init>()>():LINENO:3:FILE:MinePumpSystem.Environment,(this:4:-1)
[main] INFO SlicePrinter - printSlices (209):    from:Pair 5, void <init>(), MinePumpSystem.Environment, this.<MinePumpSystem.Environment: boolean methaneLevelCritical> = 0:FIELD:1163157884:LINENO:15:FILE:MinePumpSystem.Environment,(this:4:-1)
[main] INFO SlicePrinter - printSlices (209): Pair 5, void <init>(), MinePumpSystem.Environment, this.<MinePumpSystem.Environment: boolean methaneLevelCritical> = 0:FIELD:1163157884:LINENO:15:FILE:MinePumpSystem.Environment,(this:4:-1)
[main] INFO SlicePrinter - printSlices (209):    from:Pair 15, void main(java.lang.String[]), tests.tests, specialinvoke $stack5.<MinePumpSystem.MinePump: void <init>(MinePumpSystem.Environment)>($stack4):LINENO:12:FILE:tests.tests,(stack4:15:-1)
[main] INFO SlicePrinter - printSlices (209): Pair 7, void main(java.lang.String[]), tests.tests, $stack5 = new MinePumpSystem.MinePump:LINENO:12:FILE:tests.tests,(:7:-1)
[main] INFO SlicePrinter - printSlices (209):    from:Pair 7, void main(java.lang.String[]), tests.tests, $stack5 = new MinePumpSystem.MinePump:LINENO:12:FILE:tests.tests,(:7:-1)
[main] INFO SlicePrinter - printSlices (209): Pair 7, void main(java.lang.String[]), tests.tests, $stack5 = new MinePumpSystem.MinePump:LINENO:12:FILE:tests.tests,(:7:-1)
[main] INFO SlicePrinter - printSlices (209):    from:Pair 15, void main(java.lang.String[]), tests.tests, specialinvoke $stack5.<MinePumpSystem.MinePump: void <init>(MinePumpSystem.Environment)>($stack4):LINENO:12:FILE:tests.tests,(stack5:15:-1)
[main] INFO SlicePrinter - printSlices (209): Pair 15, void main(java.lang.String[]), tests.tests, specialinvoke $stack5.<MinePumpSystem.MinePump: void <init>(MinePumpSystem.Environment)>($stack4):LINENO:12:FILE:tests.tests,(stack5:15:-1)
[main] INFO SlicePrinter - printSlices (209):    from:Pair 15, void main(java.lang.String[]), tests.tests, specialinvoke $stack5.<MinePumpSystem.MinePump: void <init>(MinePumpSystem.Environment)>($stack4):LINENO:12:FILE:tests.tests,(:15:-1)
[main] INFO SlicePrinter - printSlices (209): Pair 15, void main(java.lang.String[]), tests.tests, specialinvoke $stack5.<MinePumpSystem.MinePump: void <init>(MinePumpSystem.Environment)>($stack4):LINENO:12:FILE:tests.tests,(:15:-1)
[main] INFO SlicePrinter - printSlices (209):    from:Pair 20, void <init>(MinePumpSystem.Environment), MinePumpSystem.MinePump, return:LINENO:22:FILE:MinePumpSystem.MinePump,(:20:-1)
[main] INFO SlicePrinter - printSlices (211): Printing static slice:
[main] INFO SlicePrinter - printSlices (213): <tests.tests: void main(java.lang.String[])>:12--1:$stack5 = new MinePumpSystem.MinePump
[main] INFO SlicePrinter - printSlices (213):    from:Pair 7, void main(java.lang.String[]), tests.tests, $stack5 = new MinePumpSystem.MinePump:LINENO:12:FILE:tests.tests,(:7:-1)
[main] INFO SlicePrinter - printSlices (213): <tests.tests: void main(java.lang.String[])>:11--1:$stack4 = new MinePumpSystem.Environment
[main] INFO SlicePrinter - printSlices (213):    from:Pair 15, void main(java.lang.String[]), tests.tests, specialinvoke $stack5.<MinePumpSystem.MinePump: void <init>(MinePumpSystem.Environment)>($stack4):LINENO:12:FILE:tests.tests,(stack4:15:-1)
[main] INFO SlicePrinter - printSlices (213): <tests.tests: void main(java.lang.String[])>:11--1:specialinvoke $stack4.<MinePumpSystem.Environment: void <init>()>()
[main] INFO SlicePrinter - printSlices (213):    from:Pair 15, void main(java.lang.String[]), tests.tests, specialinvoke $stack5.<MinePumpSystem.MinePump: void <init>(MinePumpSystem.Environment)>($stack4):LINENO:12:FILE:tests.tests,(stack4:15:-1)
[main] INFO SlicePrinter - printSlices (213): <MinePumpSystem.Environment: void <init>()>:3--1:specialinvoke this.<java.lang.Object: void <init>()>()
[main] INFO SlicePrinter - printSlices (213):    from:Pair 15, void main(java.lang.String[]), tests.tests, specialinvoke $stack5.<MinePumpSystem.MinePump: void <init>(MinePumpSystem.Environment)>($stack4):LINENO:12:FILE:tests.tests,(stack4:15:-1)
[main] INFO SlicePrinter - printSlices (213): <MinePumpSystem.Environment: void <init>()>:15--1:this.<MinePumpSystem.Environment: boolean methaneLevelCritical> = 0
[main] INFO SlicePrinter - printSlices (213):    from:Pair 15, void main(java.lang.String[]), tests.tests, specialinvoke $stack5.<MinePumpSystem.MinePump: void <init>(MinePumpSystem.Environment)>($stack4):LINENO:12:FILE:tests.tests,(stack4:15:-1)
[main] INFO SlicePrinter - printSlices (213): <tests.tests: void main(java.lang.String[])>:12--1:specialinvoke $stack5.<MinePumpSystem.MinePump: void <init>(MinePumpSystem.Environment)>($stack4)
[main] INFO SlicePrinter - printSlices (213):    from:Pair 15, void main(java.lang.String[]), tests.tests, specialinvoke $stack5.<MinePumpSystem.MinePump: void <init>(MinePumpSystem.Environment)>($stack4):LINENO:12:FILE:tests.tests,(:15:-1)
[main] INFO SlicePrinter - printSliceGraph (219): Graph:
[main] INFO SlicePrinter - printSliceGraph (223): 15 --> 20
[main] INFO SlicePrinter - printSliceGraph (223): 15 --> 7
[main] INFO SlicePrinter - printSliceGraph (223): 15 --> 3
[main] INFO SlicePrinter - printSliceGraph (223): 15 --> 5
[main] INFO SlicePrinter - printSliceGraph (223): 15 --> 4
[main] INFO SlicePrinter - printSliceGraph (223): 15 --> 2
[main] INFO SlicePrinter - printSliceGraph (223): 15 --> 6
[main] INFO SlicePrinter - printSliceGraph (223): 20 --> 15
[main] INFO SlicePrinter - printSliceGraph (223): 5 --> 3
[main] INFO SlicePrinter - printSliceGraph (223): 5 --> 4
[main] INFO SlicePrinter - printSliceGraph (223): 4 --> 3
[main] INFO SlicePrinter - printSliceGraph (223): 4 --> 2
[main] INFO SlicePrinter - printSliceGraph (223): 6 --> 3
[main] INFO SlicePrinter - printSliceGraph (226): Graph End
[main] INFO guru.nidi.graphviz.engine.AbstractGraphvizEngine - Could not initialize guru.nidi.graphviz.engine.GraphvizCmdLineEngine
guru.nidi.graphviz.engine.GraphvizException: [dot] command not found
[main] INFO guru.nidi.graphviz.engine.V8JavascriptEngine - Starting V8 runtime...
[main] INFO guru.nidi.graphviz.engine.V8JavascriptEngine - Started V8 runtime. Initializing javascript...
[main] INFO guru.nidi.graphviz.engine.V8JavascriptEngine - Initialized javascript.
[main] WARN SlicePrinter - printDotGraph (121): Exception when writing slice graph file: Built-in Rasterizer can only be used together with GraphvizCmdLineEngine.
[main] INFO SlicePrinter - printToCSV (251): Number of lines: 6
