Test fail
java.lang.NullPointerException
	at MinePumpSystem.Environment.lowerWaterLevel(Environment.java)
	at MinePumpSystem.MinePumpTest.isHighWaterLevel(MinePumpTest.java)
	at sun.reflect.NativeMethodAccessorImpl.invoke0(Native Method)
	at sun.reflect.NativeMethodAccessorImpl.invoke(NativeMethodAccessorImpl.java:62)
	at sun.reflect.DelegatingMethodAccessorImpl.invoke(DelegatingMethodAccessorImpl.java:43)
	at java.lang.reflect.Method.invoke(Method.java:498)
	at org.junit.runners.model.FrameworkMethod$1.runReflectiveCall(FrameworkMethod.java:44)
	at org.junit.internal.runners.model.ReflectiveCallable.run(ReflectiveCallable.java:15)
	at org.junit.runners.model.FrameworkMethod.invokeExplosively(FrameworkMethod.java:41)
	at org.junit.internal.runners.statements.InvokeMethod.evaluate(InvokeMethod.java:20)
	at org.junit.runners.BlockJUnit4ClassRunner.runNotIgnored(BlockJUnit4ClassRunner.java:79)
	at org.junit.runners.BlockJUnit4ClassRunner.runChild(BlockJUnit4ClassRunner.java:71)
	at org.junit.runners.BlockJUnit4ClassRunner.runChild(BlockJUnit4ClassRunner.java:49)
	at org.junit.runners.ParentRunner$3.run(ParentRunner.java:193)
	at org.junit.runners.ParentRunner$1.schedule(ParentRunner.java:52)
	at org.junit.runners.ParentRunner.runChildren(ParentRunner.java:191)
	at org.junit.runners.ParentRunner.access$000(ParentRunner.java:42)
	at org.junit.runners.ParentRunner$2.evaluate(ParentRunner.java:184)
	at org.junit.runners.ParentRunner.run(ParentRunner.java:236)
	at org.junit.runner.JUnitCore.run(JUnitCore.java:157)
	at org.junit.runner.JUnitCore.run(JUnitCore.java:136)
	at SingleJUnitTestRunner.main(SingleJUnitTestRunner.java:11)

Shutting down VM
Flushing queue: size is 55
SLICING: ZLIB: eJxVkEsSwCAIQ0/kDAH84P0PVhM3ddE3kGjA5syNlrOLU1yH43ygCITImgZsYwO+LNwqGiSCN6On2MWryPVzoynsZO2KbplWo6Gelsf+rQb73ezAGSLcaIJVL+7rjzY4d8ajTb5pGUFjqaWxGMAC3B96ugbyrDPYaWgTp+tyOSLr/RsfSE1Daw==
