0, void <clinit>(), MinePumpSystem.MinePumpTest, $stack0 = class "LMinePumpSystem/MinePumpTest;":LINENO:7:FILE:MinePumpSystem.MinePumpTest:PRED:[]:SUCC:[1 (FLOW_EDGE)]:TID:1
1, void <clinit>(), MinePumpSystem.MinePumpTest, $stack1 = virtualinvoke $stack0.<java.lang.Class: boolean desiredAssertionStatus()>():LINENO:7:FILE:MinePumpSystem.MinePumpTest:PRED:[0 (FLOW_EDGE)]:SUCC:[2 (FLOW_EDGE)]:TID:1
2, void <clinit>(), MinePumpSystem.MinePumpTest, if $stack1 != 0 goto $stack2 = 0:LINENO:7:FILE:MinePumpSystem.MinePumpTest:PRED:[1 (FLOW_EDGE)]:SUCC:[3 (FLOW_EDGE)]:TID:1
3, void <clinit>(), MinePumpSystem.MinePumpTest, $stack2 = 1:LINENO:7:FILE:MinePumpSystem.MinePumpTest:PRED:[2 (FLOW_EDGE)]:SUCC:[4 (FLOW_EDGE)]:TID:1
4, void <clinit>(), MinePumpSystem.MinePumpTest, goto [?= <MinePumpSystem.MinePumpTest: boolean $assertionsDisabled> = $stack2]:LINENO:7:FILE:MinePumpSystem.MinePumpTest:PRED:[3 (FLOW_EDGE)]:SUCC:[5 (FLOW_EDGE)]:TID:1
5, void <clinit>(), MinePumpSystem.MinePumpTest, <MinePumpSystem.MinePumpTest: boolean $assertionsDisabled> = $stack2:LINENO:7:FILE:MinePumpSystem.MinePumpTest:PRED:[4 (FLOW_EDGE)]:SUCC:[6 (FLOW_EDGE)]:TID:1
6, void <clinit>(), MinePumpSystem.MinePumpTest, return:LINENO:7:FILE:MinePumpSystem.MinePumpTest:PRED:[5 (FLOW_EDGE)]:SUCC:[]:TID:1
7, void <init>(), MinePumpSystem.MinePumpTest, specialinvoke this.<java.lang.Object: void <init>()>():LINENO:8:FILE:MinePumpSystem.MinePumpTest:PRED:[]:SUCC:[8 (FLOW_EDGE)]:TID:1
8, void <init>(), MinePumpSystem.MinePumpTest, return:LINENO:8:FILE:MinePumpSystem.MinePumpTest:PRED:[7 (FLOW_EDGE)]:SUCC:[]:TID:1
9, void isHighWaterLevel(), MinePumpSystem.MinePumpTest, $stack3 = new MinePumpSystem.Environment:LINENO:16:FILE:MinePumpSystem.MinePumpTest:PRED:[]:SUCC:[10 (FLOW_EDGE)]:TID:1
10, void isHighWaterLevel(), MinePumpSystem.MinePumpTest, specialinvoke $stack3.<MinePumpSystem.Environment: void <init>()>():LINENO:16:FILE:MinePumpSystem.MinePumpTest:PRED:[9 (FLOW_EDGE)]:SUCC:[11 (CALL_EDGE), 14 (FLOW_EDGE)]:TID:1
11, void <init>(), MinePumpSystem.Environment, specialinvoke this.<java.lang.Object: void <init>()>():LINENO:3:FILE:MinePumpSystem.Environment:PRED:[10 (CALL_EDGE)]:SUCC:[12 (FLOW_EDGE)]:TID:1
12, void <init>(), MinePumpSystem.Environment, this.<MinePumpSystem.Environment: boolean methaneLevelCritical> = 0:FIELD:1128032093:LINENO:15:FILE:MinePumpSystem.Environment:PRED:[11 (FLOW_EDGE)]:SUCC:[13 (FLOW_EDGE)]:TID:1
13, void <init>(), MinePumpSystem.Environment, return:LINENO:15:FILE:MinePumpSystem.Environment:PRED:[12 (FLOW_EDGE)]:SUCC:[]:TID:1
14, void isHighWaterLevel(), MinePumpSystem.MinePumpTest, $stack4 = new MinePumpSystem.MinePump:LINENO:17:FILE:MinePumpSystem.MinePumpTest:PRED:[10 (FLOW_EDGE)]:SUCC:[22 (FLOW_EDGE)]:TID:1
15, void <clinit>(), MinePumpSystem.MinePump, $stack0 = class "LMinePumpSystem/MinePump;":LINENO:4:FILE:MinePumpSystem.MinePump:PRED:[]:SUCC:[16 (FLOW_EDGE)]:TID:1
16, void <clinit>(), MinePumpSystem.MinePump, $stack1 = virtualinvoke $stack0.<java.lang.Class: boolean desiredAssertionStatus()>():LINENO:4:FILE:MinePumpSystem.MinePump:PRED:[15 (FLOW_EDGE)]:SUCC:[17 (FLOW_EDGE)]:TID:1
17, void <clinit>(), MinePumpSystem.MinePump, if $stack1 != 0 goto $stack2 = 0:LINENO:4:FILE:MinePumpSystem.MinePump:PRED:[16 (FLOW_EDGE)]:SUCC:[18 (FLOW_EDGE)]:TID:1
18, void <clinit>(), MinePumpSystem.MinePump, $stack2 = 1:LINENO:4:FILE:MinePumpSystem.MinePump:PRED:[17 (FLOW_EDGE)]:SUCC:[19 (FLOW_EDGE)]:TID:1
19, void <clinit>(), MinePumpSystem.MinePump, goto [?= <MinePumpSystem.MinePump: boolean $assertionsDisabled> = $stack2]:LINENO:4:FILE:MinePumpSystem.MinePump:PRED:[18 (FLOW_EDGE)]:SUCC:[20 (FLOW_EDGE)]:TID:1
20, void <clinit>(), MinePumpSystem.MinePump, <MinePumpSystem.MinePump: boolean $assertionsDisabled> = $stack2:LINENO:4:FILE:MinePumpSystem.MinePump:PRED:[19 (FLOW_EDGE)]:SUCC:[21 (FLOW_EDGE)]:TID:1
21, void <clinit>(), MinePumpSystem.MinePump, return:LINENO:4:FILE:MinePumpSystem.MinePump:PRED:[20 (FLOW_EDGE)]:SUCC:[]:TID:1
22, void isHighWaterLevel(), MinePumpSystem.MinePumpTest, specialinvoke $stack4.<MinePumpSystem.MinePump: void <init>(MinePumpSystem.Environment)>($stack3):LINENO:17:FILE:MinePumpSystem.MinePumpTest:PRED:[14 (FLOW_EDGE)]:SUCC:[23 (CALL_EDGE), 28 (FLOW_EDGE)]:TID:1
23, void <init>(MinePumpSystem.Environment), MinePumpSystem.MinePump, specialinvoke this.<java.lang.Object: void <init>()>():LINENO:20:FILE:MinePumpSystem.MinePump:PRED:[22 (CALL_EDGE)]:SUCC:[24 (FLOW_EDGE)]:TID:1
24, void <init>(MinePumpSystem.Environment), MinePumpSystem.MinePump, this.<MinePumpSystem.MinePump: boolean pumpRunning> = 0:FIELD:935044096:LINENO:7:FILE:MinePumpSystem.MinePump:PRED:[23 (FLOW_EDGE)]:SUCC:[25 (FLOW_EDGE)]:TID:1
25, void <init>(MinePumpSystem.Environment), MinePumpSystem.MinePump, this.<MinePumpSystem.MinePump: boolean systemActive> = 1:FIELD:935044096:LINENO:11:FILE:MinePumpSystem.MinePump:PRED:[24 (FLOW_EDGE)]:SUCC:[26 (FLOW_EDGE)]:TID:1
26, void <init>(MinePumpSystem.Environment), MinePumpSystem.MinePump, this.<MinePumpSystem.MinePump: MinePumpSystem.Environment env> = env:FIELD:935044096:LINENO:21:FILE:MinePumpSystem.MinePump:PRED:[25 (FLOW_EDGE)]:SUCC:[27 (FLOW_EDGE)]:TID:1
27, void <init>(MinePumpSystem.Environment), MinePumpSystem.MinePump, return:LINENO:22:FILE:MinePumpSystem.MinePump:PRED:[26 (FLOW_EDGE)]:SUCC:[]:TID:1
28, void isHighWaterLevel(), MinePumpSystem.MinePumpTest, virtualinvoke $stack3.<MinePumpSystem.Environment: void lowerWaterLevel()>():LINENO:18:FILE:MinePumpSystem.MinePumpTest:PRED:[22 (FLOW_EDGE)]:SUCC:[29 (CALL_EDGE)]:TID:1
29, void lowerWaterLevel(), MinePumpSystem.Environment, $stack2 = <MinePumpSystem.Environment$1: int[] $SwitchMap$MinePumpSystem$Environment$WaterLevelEnum>:LINENO:20:FILE:MinePumpSystem.Environment:PRED:[28 (CALL_EDGE)]:SUCC:[78 (FLOW_EDGE)]:TID:1
30, void <clinit>(), MinePumpSystem.Environment$1, $stack1 = staticinvoke <MinePumpSystem.Environment$WaterLevelEnum: MinePumpSystem.Environment$WaterLevelEnum[] values()>():LINENO:20:FILE:MinePumpSystem.Environment$1:PRED:[]:SUCC:[55 (CALL_EDGE), 59 (FLOW_EDGE), 31 (CALL_EDGE)]:TID:1
31, void <clinit>(), MinePumpSystem.Environment$WaterLevelEnum, $stack0 = new MinePumpSystem.Environment$WaterLevelEnum:LINENO:7:FILE:MinePumpSystem.Environment$WaterLevelEnum:PRED:[30 (CALL_EDGE)]:SUCC:[32 (FLOW_EDGE)]:TID:1
32, void <clinit>(), MinePumpSystem.Environment$WaterLevelEnum, specialinvoke $stack0.<MinePumpSystem.Environment$WaterLevelEnum: void <init>(java.lang.String;int)>("low"; 0):LINENO:7:FILE:MinePumpSystem.Environment$WaterLevelEnum:PRED:[31 (FLOW_EDGE)]:SUCC:[33 (CALL_EDGE), 35 (FLOW_EDGE)]:TID:1
33, void <init>(java.lang.String;int), MinePumpSystem.Environment$WaterLevelEnum, specialinvoke this.<java.lang.Enum: void <init>(java.lang.String;int)>(l1; l2):LINENO:6:FILE:MinePumpSystem.Environment$WaterLevelEnum:PRED:[32 (CALL_EDGE)]:SUCC:[34 (FLOW_EDGE)]:TID:1
34, void <init>(java.lang.String;int), MinePumpSystem.Environment$WaterLevelEnum, return:LINENO:6:FILE:MinePumpSystem.Environment$WaterLevelEnum:PRED:[33 (FLOW_EDGE)]:SUCC:[]:TID:1
35, void <clinit>(), MinePumpSystem.Environment$WaterLevelEnum, <MinePumpSystem.Environment$WaterLevelEnum: MinePumpSystem.Environment$WaterLevelEnum low> = $stack0:LINENO:7:FILE:MinePumpSystem.Environment$WaterLevelEnum:PRED:[32 (FLOW_EDGE)]:SUCC:[36 (FLOW_EDGE)]:TID:1
36, void <clinit>(), MinePumpSystem.Environment$WaterLevelEnum, $stack1 = new MinePumpSystem.Environment$WaterLevelEnum:LINENO:7:FILE:MinePumpSystem.Environment$WaterLevelEnum:PRED:[35 (FLOW_EDGE)]:SUCC:[37 (FLOW_EDGE)]:TID:1
37, void <clinit>(), MinePumpSystem.Environment$WaterLevelEnum, specialinvoke $stack1.<MinePumpSystem.Environment$WaterLevelEnum: void <init>(java.lang.String;int)>("normal"; 1):LINENO:7:FILE:MinePumpSystem.Environment$WaterLevelEnum:PRED:[36 (FLOW_EDGE)]:SUCC:[38 (CALL_EDGE), 40 (FLOW_EDGE)]:TID:1
38, void <init>(java.lang.String;int), MinePumpSystem.Environment$WaterLevelEnum, specialinvoke this.<java.lang.Enum: void <init>(java.lang.String;int)>(l1; l2):LINENO:6:FILE:MinePumpSystem.Environment$WaterLevelEnum:PRED:[37 (CALL_EDGE)]:SUCC:[39 (FLOW_EDGE)]:TID:1
39, void <init>(java.lang.String;int), MinePumpSystem.Environment$WaterLevelEnum, return:LINENO:6:FILE:MinePumpSystem.Environment$WaterLevelEnum:PRED:[38 (FLOW_EDGE)]:SUCC:[]:TID:1
40, void <clinit>(), MinePumpSystem.Environment$WaterLevelEnum, <MinePumpSystem.Environment$WaterLevelEnum: MinePumpSystem.Environment$WaterLevelEnum normal> = $stack1:LINENO:7:FILE:MinePumpSystem.Environment$WaterLevelEnum:PRED:[37 (FLOW_EDGE)]:SUCC:[41 (FLOW_EDGE)]:TID:1
41, void <clinit>(), MinePumpSystem.Environment$WaterLevelEnum, $stack2 = new MinePumpSystem.Environment$WaterLevelEnum:LINENO:7:FILE:MinePumpSystem.Environment$WaterLevelEnum:PRED:[40 (FLOW_EDGE)]:SUCC:[42 (FLOW_EDGE)]:TID:1
42, void <clinit>(), MinePumpSystem.Environment$WaterLevelEnum, specialinvoke $stack2.<MinePumpSystem.Environment$WaterLevelEnum: void <init>(java.lang.String;int)>("high"; 2):LINENO:7:FILE:MinePumpSystem.Environment$WaterLevelEnum:PRED:[41 (FLOW_EDGE)]:SUCC:[43 (CALL_EDGE), 45 (FLOW_EDGE)]:TID:1
43, void <init>(java.lang.String;int), MinePumpSystem.Environment$WaterLevelEnum, specialinvoke this.<java.lang.Enum: void <init>(java.lang.String;int)>(l1; l2):LINENO:6:FILE:MinePumpSystem.Environment$WaterLevelEnum:PRED:[42 (CALL_EDGE)]:SUCC:[44 (FLOW_EDGE)]:TID:1
44, void <init>(java.lang.String;int), MinePumpSystem.Environment$WaterLevelEnum, return:LINENO:6:FILE:MinePumpSystem.Environment$WaterLevelEnum:PRED:[43 (FLOW_EDGE)]:SUCC:[]:TID:1
45, void <clinit>(), MinePumpSystem.Environment$WaterLevelEnum, <MinePumpSystem.Environment$WaterLevelEnum: MinePumpSystem.Environment$WaterLevelEnum high> = $stack2:LINENO:7:FILE:MinePumpSystem.Environment$WaterLevelEnum:PRED:[42 (FLOW_EDGE)]:SUCC:[46 (FLOW_EDGE)]:TID:1
46, void <clinit>(), MinePumpSystem.Environment$WaterLevelEnum, $stack3 = newarray (MinePumpSystem.Environment$WaterLevelEnum)[3]:LINENO:6:FILE:MinePumpSystem.Environment$WaterLevelEnum:PRED:[45 (FLOW_EDGE)]:SUCC:[47 (FLOW_EDGE)]:TID:1
47, void <clinit>(), MinePumpSystem.Environment$WaterLevelEnum, $stack4 = <MinePumpSystem.Environment$WaterLevelEnum: MinePumpSystem.Environment$WaterLevelEnum low>:LINENO:6:FILE:MinePumpSystem.Environment$WaterLevelEnum:PRED:[46 (FLOW_EDGE)]:SUCC:[48 (FLOW_EDGE)]:TID:1
48, void <clinit>(), MinePumpSystem.Environment$WaterLevelEnum, $stack3[0] = $stack4:LINENO:6:FILE:MinePumpSystem.Environment$WaterLevelEnum:PRED:[47 (FLOW_EDGE)]:SUCC:[49 (FLOW_EDGE)]:TID:1
49, void <clinit>(), MinePumpSystem.Environment$WaterLevelEnum, $stack5 = <MinePumpSystem.Environment$WaterLevelEnum: MinePumpSystem.Environment$WaterLevelEnum normal>:LINENO:6:FILE:MinePumpSystem.Environment$WaterLevelEnum:PRED:[48 (FLOW_EDGE)]:SUCC:[50 (FLOW_EDGE)]:TID:1
50, void <clinit>(), MinePumpSystem.Environment$WaterLevelEnum, $stack3[1] = $stack5:LINENO:6:FILE:MinePumpSystem.Environment$WaterLevelEnum:PRED:[49 (FLOW_EDGE)]:SUCC:[51 (FLOW_EDGE)]:TID:1
51, void <clinit>(), MinePumpSystem.Environment$WaterLevelEnum, $stack6 = <MinePumpSystem.Environment$WaterLevelEnum: MinePumpSystem.Environment$WaterLevelEnum high>:LINENO:6:FILE:MinePumpSystem.Environment$WaterLevelEnum:PRED:[50 (FLOW_EDGE)]:SUCC:[52 (FLOW_EDGE)]:TID:1
52, void <clinit>(), MinePumpSystem.Environment$WaterLevelEnum, $stack3[2] = $stack6:LINENO:6:FILE:MinePumpSystem.Environment$WaterLevelEnum:PRED:[51 (FLOW_EDGE)]:SUCC:[53 (FLOW_EDGE)]:TID:1
53, void <clinit>(), MinePumpSystem.Environment$WaterLevelEnum, <MinePumpSystem.Environment$WaterLevelEnum: MinePumpSystem.Environment$WaterLevelEnum[] $VALUES> = $stack3:LINENO:6:FILE:MinePumpSystem.Environment$WaterLevelEnum:PRED:[52 (FLOW_EDGE)]:SUCC:[54 (FLOW_EDGE)]:TID:1
54, void <clinit>(), MinePumpSystem.Environment$WaterLevelEnum, return:LINENO:6:FILE:MinePumpSystem.Environment$WaterLevelEnum:PRED:[53 (FLOW_EDGE)]:SUCC:[]:TID:1
55, MinePumpSystem.Environment$WaterLevelEnum[] values(), MinePumpSystem.Environment$WaterLevelEnum, $stack0 = <MinePumpSystem.Environment$WaterLevelEnum: MinePumpSystem.Environment$WaterLevelEnum[] $VALUES>:LINENO:6:FILE:MinePumpSystem.Environment$WaterLevelEnum:PRED:[30 (CALL_EDGE)]:SUCC:[56 (FLOW_EDGE)]:TID:1
56, MinePumpSystem.Environment$WaterLevelEnum[] values(), MinePumpSystem.Environment$WaterLevelEnum, $stack1 = virtualinvoke $stack0.<java.lang.Object: java.lang.Object clone()>():LINENO:6:FILE:MinePumpSystem.Environment$WaterLevelEnum:PRED:[55 (FLOW_EDGE)]:SUCC:[57 (FLOW_EDGE)]:TID:1
57, MinePumpSystem.Environment$WaterLevelEnum[] values(), MinePumpSystem.Environment$WaterLevelEnum, $stack2 = (MinePumpSystem.Environment$WaterLevelEnum[]) $stack1:LINENO:6:FILE:MinePumpSystem.Environment$WaterLevelEnum:PRED:[56 (FLOW_EDGE)]:SUCC:[58 (FLOW_EDGE)]:TID:1
58, MinePumpSystem.Environment$WaterLevelEnum[] values(), MinePumpSystem.Environment$WaterLevelEnum, return $stack2:LINENO:6:FILE:MinePumpSystem.Environment$WaterLevelEnum:PRED:[57 (FLOW_EDGE)]:SUCC:[]:TID:1
59, void <clinit>(), MinePumpSystem.Environment$1, $stack2 = lengthof $stack1:LINENO:20:FILE:MinePumpSystem.Environment$1:PRED:[30 (FLOW_EDGE)]:SUCC:[60 (FLOW_EDGE)]:TID:1
60, void <clinit>(), MinePumpSystem.Environment$1, $stack3 = newarray (int)[$stack2]:LINENO:20:FILE:MinePumpSystem.Environment$1:PRED:[59 (FLOW_EDGE)]:SUCC:[61 (FLOW_EDGE)]:TID:1
61, void <clinit>(), MinePumpSystem.Environment$1, <MinePumpSystem.Environment$1: int[] $SwitchMap$MinePumpSystem$Environment$WaterLevelEnum> = $stack3:LINENO:20:FILE:MinePumpSystem.Environment$1:PRED:[60 (FLOW_EDGE)]:SUCC:[62 (FLOW_EDGE)]:TID:1
62, void <clinit>(), MinePumpSystem.Environment$1, $stack5 = <MinePumpSystem.Environment$1: int[] $SwitchMap$MinePumpSystem$Environment$WaterLevelEnum>:LINENO:20:FILE:MinePumpSystem.Environment$1:PRED:[61 (FLOW_EDGE)]:SUCC:[63 (FLOW_EDGE)]:TID:1
63, void <clinit>(), MinePumpSystem.Environment$1, $stack4 = <MinePumpSystem.Environment$WaterLevelEnum: MinePumpSystem.Environment$WaterLevelEnum high>:LINENO:20:FILE:MinePumpSystem.Environment$1:PRED:[62 (FLOW_EDGE)]:SUCC:[64 (FLOW_EDGE)]:TID:1
64, void <clinit>(), MinePumpSystem.Environment$1, $stack6 = virtualinvoke $stack4.<MinePumpSystem.Environment$WaterLevelEnum: int ordinal()>():LINENO:20:FILE:MinePumpSystem.Environment$1:PRED:[63 (FLOW_EDGE)]:SUCC:[65 (FLOW_EDGE)]:TID:1
65, void <clinit>(), MinePumpSystem.Environment$1, $stack5[$stack6] = 1:LINENO:20:FILE:MinePumpSystem.Environment$1:PRED:[64 (FLOW_EDGE)]:SUCC:[66 (FLOW_EDGE)]:TID:1
66, void <clinit>(), MinePumpSystem.Environment$1, goto [?= return]:LINENO:20:FILE:MinePumpSystem.Environment$1:PRED:[65 (FLOW_EDGE)]:SUCC:[67 (FLOW_EDGE)]:TID:1
67, void <clinit>(), MinePumpSystem.Environment$1, $stack8 = <MinePumpSystem.Environment$1: int[] $SwitchMap$MinePumpSystem$Environment$WaterLevelEnum>:LINENO:20:FILE:MinePumpSystem.Environment$1:PRED:[66 (FLOW_EDGE)]:SUCC:[68 (FLOW_EDGE)]:TID:1
68, void <clinit>(), MinePumpSystem.Environment$1, $stack7 = <MinePumpSystem.Environment$WaterLevelEnum: MinePumpSystem.Environment$WaterLevelEnum normal>:LINENO:20:FILE:MinePumpSystem.Environment$1:PRED:[67 (FLOW_EDGE)]:SUCC:[69 (FLOW_EDGE)]:TID:1
69, void <clinit>(), MinePumpSystem.Environment$1, $stack9 = virtualinvoke $stack7.<MinePumpSystem.Environment$WaterLevelEnum: int ordinal()>():LINENO:20:FILE:MinePumpSystem.Environment$1:PRED:[68 (FLOW_EDGE)]:SUCC:[70 (FLOW_EDGE)]:TID:1
70, void <clinit>(), MinePumpSystem.Environment$1, $stack8[$stack9] = 2:LINENO:20:FILE:MinePumpSystem.Environment$1:PRED:[69 (FLOW_EDGE)]:SUCC:[71 (FLOW_EDGE)]:TID:1
71, void <clinit>(), MinePumpSystem.Environment$1, goto [?= return]:LINENO:20:FILE:MinePumpSystem.Environment$1:PRED:[70 (FLOW_EDGE)]:SUCC:[72 (FLOW_EDGE)]:TID:1
72, void <clinit>(), MinePumpSystem.Environment$1, $stack11 = <MinePumpSystem.Environment$1: int[] $SwitchMap$MinePumpSystem$Environment$WaterLevelEnum>:LINENO:20:FILE:MinePumpSystem.Environment$1:PRED:[71 (FLOW_EDGE)]:SUCC:[73 (FLOW_EDGE)]:TID:1
73, void <clinit>(), MinePumpSystem.Environment$1, $stack10 = <MinePumpSystem.Environment$WaterLevelEnum: MinePumpSystem.Environment$WaterLevelEnum low>:LINENO:20:FILE:MinePumpSystem.Environment$1:PRED:[72 (FLOW_EDGE)]:SUCC:[74 (FLOW_EDGE)]:TID:1
74, void <clinit>(), MinePumpSystem.Environment$1, $stack12 = virtualinvoke $stack10.<MinePumpSystem.Environment$WaterLevelEnum: int ordinal()>():LINENO:20:FILE:MinePumpSystem.Environment$1:PRED:[73 (FLOW_EDGE)]:SUCC:[75 (FLOW_EDGE)]:TID:1
75, void <clinit>(), MinePumpSystem.Environment$1, $stack11[$stack12] = 3:LINENO:20:FILE:MinePumpSystem.Environment$1:PRED:[74 (FLOW_EDGE)]:SUCC:[76 (FLOW_EDGE)]:TID:1
76, void <clinit>(), MinePumpSystem.Environment$1, goto [?= return]:LINENO:20:FILE:MinePumpSystem.Environment$1:PRED:[75 (FLOW_EDGE)]:SUCC:[77 (FLOW_EDGE)]:TID:1
77, void <clinit>(), MinePumpSystem.Environment$1, return:LINENO:20:FILE:MinePumpSystem.Environment$1:PRED:[76 (FLOW_EDGE)]:SUCC:[]:TID:1
78, void lowerWaterLevel(), MinePumpSystem.Environment, $stack1 = this.<MinePumpSystem.Environment: MinePumpSystem.Environment$WaterLevelEnum waterLevel>:FIELD:1128032093:LINENO:20:FILE:MinePumpSystem.Environment:PRED:[29 (FLOW_EDGE)]:SUCC:[79 (FLOW_EDGE)]:TID:1
79, void lowerWaterLevel(), MinePumpSystem.Environment, $stack3 = virtualinvoke $stack1.<MinePumpSystem.Environment$WaterLevelEnum: int ordinal()>():LINENO:20:FILE:MinePumpSystem.Environment:PRED:[78 (FLOW_EDGE)]:SUCC:[80 (FLOW_EDGE)]:TID:1
80, void lowerWaterLevel(), MinePumpSystem.Environment, $stack4 = $stack2[$stack3]:LINENO:20:FILE:MinePumpSystem.Environment:PRED:[79 (FLOW_EDGE)]:SUCC:[81 (FLOW_EDGE)]:TID:1
81, void lowerWaterLevel(), MinePumpSystem.Environment, lookupswitch($stack4) {     case 1: goto $stack6 = <MinePumpSystem.Environment$WaterLevelEnum: MinePumpSystem.Environment$WaterLevelEnum normal>;     case 2: goto $stack5 = <MinePumpSystem.Environment$WaterLevelEnum: MinePumpSystem.Environment$WaterLevelEnum low>;     default: goto return; }:LINENO:20:FILE:MinePumpSystem.Environment:PRED:[80 (FLOW_EDGE)]:SUCC:[]:TID:1
